{
    "case_name": "test_scroll_to",
    "run_time": "20230601 18:46:21",
    "test_type": "TestPage",
    "case_doc": null,
    "success": false,
    "failures": "Traceback (most recent call last):\n  File \"D:\\test\\venv\\lib\\site-packages\\minium\\framework\\libs\\unittest\\case.py\", line 41, in testPartExecutor\n    yield\n  File \"D:\\test\\venv\\lib\\site-packages\\minium\\framework\\libs\\unittest\\case.py\", line 127, in run\n    self._callTestMethod(testMethod)\nAssertionError: False is not true : callback called\n",
    "errors": "",
    "start_timestamp": 1685616381.3316329,
    "is_failure": true,
    "is_error": false,
    "module": "D:.test.test.first_test",
    "package": "test",
    "failed_line_num": -1,
    "device": {
        "system_info": {
            "model": "iPhone 5",
            "pixelRatio": 2,
            "windowWidth": 320,
            "windowHeight": 456,
            "system": "iOS 10.0.1",
            "language": "zh_CN",
            "version": "8.0.5",
            "deviceOrientation": "portrait",
            "screenWidth": 320,
            "screenHeight": 568,
            "SDKVersion": "2.30.2",
            "brand": "devtools",
            "fontSizeSetting": 16,
            "benchmarkLevel": 1,
            "batteryLevel": 100,
            "statusBarHeight": 20,
            "bluetoothEnabled": true,
            "locationEnabled": true,
            "wifiEnabled": true,
            "cameraAuthorized": true,
            "locationAuthorized": true,
            "microphoneAuthorized": true,
            "notificationAuthorized": true,
            "safeArea": {
                "top": 20,
                "left": 0,
                "right": 320,
                "bottom": 568,
                "width": 320,
                "height": 548
            },
            "platform": "devtools",
            "enableDebug": true,
            "devicePixelRatio": 2,
            "host": {
                "env": "WeChat"
            },
            "mode": "default"
        }
    },
    "log_filename": "run.log",
    "error_type": "AssertionError",
    "error_value": "False is not true : callback called",
    "error_stages": [
        "testMethod"
    ],
    "screen_info": [
        {
            "name": "setup",
            "url": "/pages/main/main",
            "path": "images\\setup.png",
            "ts": 1685616381,
            "datetime": "2023-06-01 18:46:21"
        },
        {
            "name": "assertTrue-failed",
            "url": "/pages/main/main",
            "path": "images\\assertTrue-failed.png",
            "ts": 1685616392,
            "datetime": "2023-06-01 18:46:32"
        },
        {
            "name": "teardown",
            "url": "/pages/main/main",
            "path": "images\\teardown.png",
            "ts": 1685616392,
            "datetime": "2023-06-01 18:46:32"
        }
    ],
    "step_info": [],
    "check_list": [],
    "assert_list": [
        {
            "name": "assertTrue",
            "ret": false,
            "msg": "False is not true : callback called",
            "img": "assertTrue-failed",
            "wxml": "01184632.wxml"
        }
    ],
    "perf_data": "{\"startup\": 0, \"avg_cpu\": 0, \"max_cpu\": 0, \"cpu_data_list\": [], \"avg_mem\": 0, \"max_mem\": 0, \"mem_data_list\": [], \"avg_fps\": 0, \"min_fps_rt\": 0, \"fps_data_list\": [], \"fps_time_series_list\": [], \"cpu_time_series_list\": [], \"mem_time_series_list\": []}",
    "weapp_log_path": "weapp.log",
    "request_log_path": "request.log",
    "stop_timestamp": 1685616392.3489623,
    "appId": "",
    "appName": "",
    "source": {
        "code": [
            "    def test_scroll_to(self):\n",
            "        page = self.app.redirect_to(\"/pages/main/main\")\n",
            "        callback = Callback()\n",
            "        # \u76d1\u542c\u6eda\u52a8\u4e8b\u4ef6, \u65b9\u4fbf\u6700\u540e\u9a8c\u8bc1\u6eda\u52a8\u7ed3\u679c\n",
            "        self.app.hook_current_page_method(\"scroll\", callback.callback)\n",
            "        el = page.get_element(\"scroll-view\")\n",
            "        el.scroll_to(x=20)  # \u6a2a\u5411\u6eda\u52a820\u50cf\u7d20\n",
            "        self.assertTrue(callback.wait_called(timeout=10), \"callback called\")\n",
            "        self.assertEqual(callback.get_callback_result()[\"detail\"][\"scrollLeft\"], 20, \"pick ok\")\n"
        ],
        "start": 21
    },
    "filename": "result.json"
}