INFO  2023-06-01 18:57:57,079 minitest.py _miniSetUp      341 =========Current case: test_input=========
INFO  2023-06-01 18:57:57,080 minitest.py _miniSetUp      344 package info: D:.test.test.first_test, case info: TestPage.test_input
INFO  2023-06-01 18:57:57,080 basenative.py wrapper         25  call BaseNative.check_connection
INFO  2023-06-01 18:57:57,081 basenative.py wrapper         29  call BaseNative.check_connection end
INFO  2023-06-01 18:57:57,081 basenative.py wrapper         25  call BaseNative.back_to_miniprogram
INFO  2023-06-01 18:57:57,081 basenative.py back_to_miniprogram 550 try back_to_miniprogram 3
INFO  2023-06-01 18:57:57,082 basenative.py wrapper         29  call BaseNative.back_to_miniprogram end
DEBUG 2023-06-01 18:57:57,082 connection.py _safely_send    417 ASYNC_SEND > {"id":"0e6e11e0-d9ee-4587-94a1-c249a88fc7f5","method":"App.callWxMethod","params":{"method":"switchTab","args":[{"url":"/pages/main/main"}]}}
DEBUG 2023-06-01 18:57:57,098 connection.py _on_message     652 RECV < {"id":"0e6e11e0-d9ee-4587-94a1-c249a88fc7f5","result":{"result":{"errMsg":"switchTab:ok"}}}
INFO  2023-06-01 18:57:57,100 connection.py _handle_async_msg 688 received async msg: 0e6e11e0-d9ee-4587-94a1-c249a88fc7f5
INFO  2023-06-01 18:57:57,102 minitest.py capture         673 capture setup.png
INFO  2023-06-01 18:57:57,102 basenative.py wrapper         25  call IdeNative.screen_shot
DEBUG 2023-06-01 18:57:57,103 connection.py _safely_send    417 SEND > {"id":"3d5fb359-54c6-4355-8b46-39bff90bb1f0","method":"App.captureScreenshot","params":{}}
DEBUG 2023-06-01 18:57:57,402 connection.py _on_message     650 RECV < {"id":"3d5fb359-54c6-4355-8b46-39bff90bb1f0","result":{"data":"iVBORw0KGgoAAAANSUhEUgAAAoAAAAOQCAIAAAAmDldbAAAAAXNSR0IArs4c6QAAIABJREFUeJyMvFePZVmWHrbW2ua46024tJWVWa4te9qQHIJmSBF6ECgBAvSgFz0I0oN+j36AXgS+SBBESIAgkRhxMJzp4Uz3THVXd5mstOEjblx/7N57LT2cG1FZzR5CB4HICJwT955tcn3rM+fi//zzP2HnEbHX7SqlyrwQEY3kA59eF29mxYuzy6vttqj8/mR0MOglShRXMXHsnXHb9w96P/3+R900QjT7R4+ADKJZFvVvX7+dbdaeiBGERVgYIAAIgrAHAEQEABFhZmgPBBZpXMPBKVLMZOJsdbPMb+ZPjg4+fvKoG0Un1xeX+aoEzwQCQIAAgABJWY9slNiEyLjaiwiCNE0JwFpTJ4339yaDXieOlLE6MBe1i5POv/...
INFO  2023-06-01 18:57:57,405 basenative.py wrapper         29  call IdeNative.screen_shot end
INFO  2023-06-01 18:57:57,406 minitest.py _miniSetUp      394 =========case: test_input start=========
INFO  2023-06-01 18:57:57,406 app.py     navigate_to     522 NavigateTo: /pages/user-page-detail/modify/modify
DEBUG 2023-06-01 18:57:57,407 connection.py _safely_send    417 ASYNC_SEND > {"id":"7fcfeb37-2281-4fe6-8d5e-ef6e996046d5","method":"App.callWxMethod","params":{"method":"navigateTo","args":[{"url":"/pages/user-page-detail/modify/modify"}]}}
DEBUG 2023-06-01 18:57:57,440 connection.py _on_message     652 RECV < {"id":"7fcfeb37-2281-4fe6-8d5e-ef6e996046d5","result":{"result":{"errMsg":"navigateTo:ok","eventChannel":{"listener":{}}}}}
INFO  2023-06-01 18:57:57,441 connection.py _handle_async_msg 688 received async msg: 7fcfeb37-2281-4fe6-8d5e-ef6e996046d5
DEBUG 2023-06-01 18:58:12,455 minitest.py _miniTearDown   587 =========Current case Down: test_input=========
INFO  2023-06-01 18:58:12,457 minitest.py capture         673 capture teardown.png
INFO  2023-06-01 18:58:12,459 basenative.py wrapper         25  call IdeNative.screen_shot
DEBUG 2023-06-01 18:58:12,460 connection.py _safely_send    417 SEND > {"id":"4eedf924-1616-46e4-a36b-d02d59ebb60f","method":"App.captureScreenshot","params":{}}
DEBUG 2023-06-01 18:58:15,140 connection.py _on_message     652 RECV < {"method":"App.bindingCalled","params":{"name":"onAppRouteDone","args":[{"webviewId":5,"path":"pages/user-page-detail/modify/modify","query":{},"openType":"navigateTo","__ts__":1685617095131},1685617095135]}}
INFO  2023-06-01 18:58:15,141 app.py     _on_route_changed 785 Route changed, {'name': 'onAppRouteDone', 'args': [{'webviewId': 5, 'path': 'pages/user-page-detail/modify/modify', 'query': {}, 'openType': 'navigateTo', '__ts__': 1685617095131}, 1685617095135]}
WARNI 2023-06-01 18:59:12,475 utils.py   wrapper         88  第 1 次重新运行_framework_capture
INFO  2023-06-01 18:59:12,477 utils.py   wrapper         91  原因: KeyboardInterrupt()
INFO  2023-06-01 18:59:12,478 minitest.py capture         673 capture teardown.png
INFO  2023-06-01 18:59:12,479 basenative.py wrapper         25  call IdeNative.screen_shot
DEBUG 2023-06-01 18:59:12,480 connection.py _safely_send    417 SEND > {"id":"17b5a0ad-cee8-435c-885f-aa42572c20cf","method":"App.captureScreenshot","params":{}}
DEBUG 2023-06-01 18:59:12,589 connection.py _on_message     650 RECV < {"id":"17b5a0ad-cee8-435c-885f-aa42572c20cf","result":{"data":"iVBORw0KGgoAAAANSUhEUgAAAoAAAAPwCAIAAAAu+lgBAAAAAXNSR0IArs4c6QAAIABJREFUeJzs3XucVNWZL/znWWtf6rarr9DQN2hEm1tQj+loRI0So0QzQJyETNRMjMk5o0xmEs+cxHnHOL6J8fPmMmc088loJmOMiZg4mEQxGvESYwSM2iDQNJcGpKGbavpe1VVdu2pf1lrvH1XdNHQ1NNeSyfP99Eebql177y6a+u211rPWxr6BBBBCCCHk7EKlVLHPgRBCCPmzw4p9AoQQQsifIwpgQgghpAgogAkhhJAioAAmhBBCioACmBBCCCkCCmBCCCGkCCiACSGEkCKgACaEEEKKgAKYEEIIKQIKYEIIIaQIKIAJIYSQIqAAJoQQQoqAApgQQggpAgpgQgghpAgogAkhhJAioAAmhBBCioACmBBCCCkCCmBCCC...
INFO  2023-06-01 18:59:12,591 basenative.py wrapper         29  call IdeNative.screen_shot end
INFO  2023-06-01 18:59:12,592 basenative.py wrapper         25  call BaseNative.get_start_up
INFO  2023-06-01 18:59:12,592 basenative.py wrapper         29  call BaseNative.get_start_up end
ERROR 2023-06-01 18:59:12,596 assertbase.py _get_stack_info 342 <bound method TestPage.test_input of <test.first_test.TestPage testMethod=test_input>>
Traceback (most recent call last):
  File "D:\test\venv\lib\site-packages\minium\utils\utils.py", line 467, in get_result
    return fut.result(timeout)
  File "D:\Python\lib\concurrent\futures\_base.py", line 448, in result
    raise TimeoutError()
concurrent.futures._base.TimeoutError

The above exception was the direct cause of the following exception:

Traceback (most recent call last):
  File "D:\test\venv\lib\site-packages\minium\framework\libs\unittest\case.py", line 41, in testPartExecutor
    yield
  File "D:\test\venv\lib\site-packages\minium\framework\libs\unittest\case.py", line 127, in run
    self._callTestMethod(testMethod)
  File "D:\Python\lib\unittest\case.py", line 550, in _callTestMethod
    method()
  File "D:\test\test\first_test.py", line 35, in test_input
    page = self.app.navigate_to("/pages/user-page-detail/modify/modify")
  File "D:\test\venv\lib\site-packages\minium\miniprogram\base_driver\minium_log.py", line 160, in wrapper
    result = func(*args, **kwargs)
  File "D:\test\venv\lib\site-packages\minium\miniprogram\base_driver\app.py", line 523, in navigate_to
    page = self._change_route_async("navigateTo", url, is_wait_url_change)
  File "D:\test\venv\lib\site-packages\minium\miniprogram\base_driver\app.py", line 762, in _change_route_async
    if cmd.get_route_result(wait_route_done_time):
  File "D:\test\venv\lib\site-packages\minium\miniprogram\base_driver\app.py", line 154, in get_route_result
    raise wt
  File "D:\test\venv\lib\site-packages\minium\miniprogram\base_driver\app.py", line 139, in get_route_result
    if get_result(self._route_changed, timeout):
  File "D:\test\venv\lib\site-packages\minium\utils\utils.py", line 471, in get_result
    raise WaitTimeoutError() from ext
minium.utils.utils.WaitTimeoutError
